<?xml version="1.0" encoding="UTF-8"?>
<!-- Generated by org.testng.reporters.JUnitXMLReporter -->
<testsuite ignored="0" hostname="Vijays-MBP.lan" failures="0" tests="4" name="/Users/vijayakepati/Documents/Testing/identity/demo/programone/src/main/java/org/framework/TestNG2.java" time="0.649" errors="0" timestamp="2024-12-10T17:50:13 GMT">
  <testcase classname="org.framework.TestNG2" name="Testcase1" time="0.535"/>
  <testcase classname="org.framework.TestNG2" name="Testcase2" time="0.018"/>
  <testcase classname="org.framework.TestNG2" name="Testcase3" time="0.007"/>
  <testcase classname="org.framework.TestNG2" name="Testcase4" time="0.067"/>
</testsuite> <!-- /Users/vijayakepati/Documents/Testing/identity/demo/programone/src/main/java/org/framework/TestNG2.java -->
