<?xml version="1.0" encoding="UTF-8"?>
<testng-results ignored="0" total="6" passed="5" failed="1" skipped="0">
  <reporter-output>
  </reporter-output>
  <suite started-at="2025-01-07T21:53:38 GMT" name="All Test Suite" finished-at="2025-01-07T21:53:39 GMT" duration-ms="991">
    <groups>
    </groups>
    <test started-at="2025-01-07T21:53:38 GMT" name="/Users/vijayakepati/Documents/Testing/identity/demo/programone/src/main/java/org/framework/TestNG2.java" finished-at="2025-01-07T21:53:39 GMT" duration-ms="991">
      <class name="org.framework.TestNG2">
        <test-method is-config="true" signature="StartReporting()[pri:0, instance:org.framework.TestNG2@3e5499cc]" started-at="2025-01-07T21:53:38 GMT" name="StartReporting" finished-at="2025-01-07T21:53:38 GMT" duration-ms="4" status="PASS">
          <reporter-output>
          </reporter-output>
        </test-method> <!-- StartReporting -->
        <test-method is-config="true" signature="launchBrowserApplication(java.lang.String,java.lang.String)[pri:0, instance:org.framework.TestNG2@3e5499cc]" started-at="2025-01-07T21:53:38 GMT" name="launchBrowserApplication" finished-at="2025-01-07T21:53:38 GMT" duration-ms="1" status="PASS">
          <params>
            <param index="0">
              <value>
                <![CDATA[Chrome]]>
              </value>
            </param>
            <param index="1">
              <value>
                <![CDATA[https://www.saucedemo.com/]]>
              </value>
            </param>
          </params>
          <reporter-output>
          </reporter-output>
        </test-method> <!-- launchBrowserApplication -->
        <test-method signature="Testcase1()[pri:0, instance:org.framework.TestNG2@3e5499cc]" started-at="2025-01-07T21:53:38 GMT" name="Testcase1" finished-at="2025-01-07T21:53:38 GMT" duration-ms="759" status="PASS">
          <reporter-output>
          </reporter-output>
        </test-method> <!-- Testcase1 -->
        <test-method is-config="true" signature="loginIntoApplication()[pri:0, instance:org.framework.TestNG2@3e5499cc]" started-at="2025-01-07T21:53:38 GMT" name="loginIntoApplication" finished-at="2025-01-07T21:53:38 GMT" depends-on-methods="org.framework.TestNG1.launchBrowserApplication" duration-ms="0" status="PASS">
          <reporter-output>
          </reporter-output>
        </test-method> <!-- loginIntoApplication -->
        <test-method is-config="true" signature="CloseBrowser()[pri:0, instance:org.framework.TestNG2@3e5499cc]" started-at="2025-01-07T21:53:38 GMT" name="CloseBrowser" finished-at="2025-01-07T21:53:38 GMT" duration-ms="0" status="PASS">
          <reporter-output>
          </reporter-output>
        </test-method> <!-- CloseBrowser -->
        <test-method is-config="true" signature="launchBrowserApplication(java.lang.String,java.lang.String)[pri:0, instance:org.framework.TestNG2@3e5499cc]" started-at="2025-01-07T21:53:38 GMT" name="launchBrowserApplication" finished-at="2025-01-07T21:53:38 GMT" duration-ms="0" status="PASS">
          <params>
            <param index="0">
              <value>
                <![CDATA[Chrome]]>
              </value>
            </param>
            <param index="1">
              <value>
                <![CDATA[https://www.saucedemo.com/]]>
              </value>
            </param>
          </params>
          <reporter-output>
          </reporter-output>
        </test-method> <!-- launchBrowserApplication -->
        <test-method is-config="true" signature="logoutFromApplication()[pri:0, instance:org.framework.TestNG2@3e5499cc]" started-at="2025-01-07T21:53:38 GMT" name="logoutFromApplication" finished-at="2025-01-07T21:53:38 GMT" duration-ms="0" status="PASS">
          <reporter-output>
          </reporter-output>
        </test-method> <!-- logoutFromApplication -->
        <test-method is-config="true" signature="loginIntoApplication()[pri:0, instance:org.framework.TestNG2@3e5499cc]" started-at="2025-01-07T21:53:38 GMT" name="loginIntoApplication" finished-at="2025-01-07T21:53:38 GMT" depends-on-methods="org.framework.TestNG1.launchBrowserApplication" duration-ms="1" status="PASS">
          <reporter-output>
          </reporter-output>
        </test-method> <!-- loginIntoApplication -->
        <test-method signature="Testcase2()[pri:0, instance:org.framework.TestNG2@3e5499cc]" started-at="2025-01-07T21:53:38 GMT" name="Testcase2" finished-at="2025-01-07T21:53:39 GMT" duration-ms="30" status="PASS">
          <reporter-output>
          </reporter-output>
        </test-method> <!-- Testcase2 -->
        <test-method is-config="true" signature="logoutFromApplication()[pri:0, instance:org.framework.TestNG2@3e5499cc]" started-at="2025-01-07T21:53:39 GMT" name="logoutFromApplication" finished-at="2025-01-07T21:53:39 GMT" duration-ms="0" status="PASS">
          <reporter-output>
          </reporter-output>
        </test-method> <!-- logoutFromApplication -->
        <test-method is-config="true" signature="launchBrowserApplication(java.lang.String,java.lang.String)[pri:0, instance:org.framework.TestNG2@3e5499cc]" started-at="2025-01-07T21:53:39 GMT" name="launchBrowserApplication" finished-at="2025-01-07T21:53:39 GMT" duration-ms="1" status="PASS">
          <params>
            <param index="0">
              <value>
                <![CDATA[Chrome]]>
              </value>
            </param>
            <param index="1">
              <value>
                <![CDATA[https://www.saucedemo.com/]]>
              </value>
            </param>
          </params>
          <reporter-output>
          </reporter-output>
        </test-method> <!-- launchBrowserApplication -->
        <test-method is-config="true" signature="CloseBrowser()[pri:0, instance:org.framework.TestNG2@3e5499cc]" started-at="2025-01-07T21:53:39 GMT" name="CloseBrowser" finished-at="2025-01-07T21:53:39 GMT" duration-ms="0" status="PASS">
          <reporter-output>
          </reporter-output>
        </test-method> <!-- CloseBrowser -->
        <test-method signature="Testcase3()[pri:0, instance:org.framework.TestNG2@3e5499cc]" started-at="2025-01-07T21:53:39 GMT" name="Testcase3" finished-at="2025-01-07T21:53:39 GMT" duration-ms="7" status="PASS">
          <reporter-output>
          </reporter-output>
        </test-method> <!-- Testcase3 -->
        <test-method is-config="true" signature="loginIntoApplication()[pri:0, instance:org.framework.TestNG2@3e5499cc]" started-at="2025-01-07T21:53:39 GMT" name="loginIntoApplication" finished-at="2025-01-07T21:53:39 GMT" depends-on-methods="org.framework.TestNG1.launchBrowserApplication" duration-ms="0" status="PASS">
          <reporter-output>
          </reporter-output>
        </test-method> <!-- loginIntoApplication -->
        <test-method is-config="true" signature="CloseBrowser()[pri:0, instance:org.framework.TestNG2@3e5499cc]" started-at="2025-01-07T21:53:39 GMT" name="CloseBrowser" finished-at="2025-01-07T21:53:39 GMT" duration-ms="0" status="PASS">
          <reporter-output>
          </reporter-output>
        </test-method> <!-- CloseBrowser -->
        <test-method signature="Testcase4()[pri:0, instance:org.framework.TestNG2@3e5499cc]" started-at="2025-01-07T21:53:39 GMT" name="Testcase4" finished-at="2025-01-07T21:53:39 GMT" duration-ms="77" status="PASS">
          <reporter-output>
          </reporter-output>
        </test-method> <!-- Testcase4 -->
        <test-method is-config="true" signature="launchBrowserApplication(java.lang.String,java.lang.String)[pri:0, instance:org.framework.TestNG2@3e5499cc]" started-at="2025-01-07T21:53:39 GMT" name="launchBrowserApplication" finished-at="2025-01-07T21:53:39 GMT" duration-ms="0" status="PASS">
          <params>
            <param index="0">
              <value>
                <![CDATA[Chrome]]>
              </value>
            </param>
            <param index="1">
              <value>
                <![CDATA[https://www.saucedemo.com/]]>
              </value>
            </param>
          </params>
          <reporter-output>
          </reporter-output>
        </test-method> <!-- launchBrowserApplication -->
        <test-method is-config="true" signature="logoutFromApplication()[pri:0, instance:org.framework.TestNG2@3e5499cc]" started-at="2025-01-07T21:53:39 GMT" name="logoutFromApplication" finished-at="2025-01-07T21:53:39 GMT" duration-ms="0" status="PASS">
          <reporter-output>
          </reporter-output>
        </test-method> <!-- logoutFromApplication -->
        <test-method is-config="true" signature="loginIntoApplication()[pri:0, instance:org.framework.TestNG2@3e5499cc]" started-at="2025-01-07T21:53:39 GMT" name="loginIntoApplication" finished-at="2025-01-07T21:53:39 GMT" depends-on-methods="org.framework.TestNG1.launchBrowserApplication" duration-ms="0" status="PASS">
          <reporter-output>
          </reporter-output>
        </test-method> <!-- loginIntoApplication -->
        <test-method is-config="true" signature="logoutFromApplication()[pri:0, instance:org.framework.TestNG2@3e5499cc]" started-at="2025-01-07T21:53:39 GMT" name="logoutFromApplication" finished-at="2025-01-07T21:53:39 GMT" duration-ms="0" status="PASS">
          <reporter-output>
          </reporter-output>
        </test-method> <!-- logoutFromApplication -->
        <test-method is-config="true" signature="loginIntoApplication()[pri:0, instance:org.framework.TestNG2@3e5499cc]" started-at="2025-01-07T21:53:39 GMT" name="loginIntoApplication" finished-at="2025-01-07T21:53:39 GMT" depends-on-methods="org.framework.TestNG1.launchBrowserApplication" duration-ms="1" status="PASS">
          <reporter-output>
          </reporter-output>
        </test-method> <!-- loginIntoApplication -->
        <test-method is-config="true" signature="CloseBrowser()[pri:0, instance:org.framework.TestNG2@3e5499cc]" started-at="2025-01-07T21:53:39 GMT" name="CloseBrowser" finished-at="2025-01-07T21:53:39 GMT" duration-ms="0" status="PASS">
          <reporter-output>
          </reporter-output>
        </test-method> <!-- CloseBrowser -->
        <test-method is-config="true" signature="launchBrowserApplication(java.lang.String,java.lang.String)[pri:0, instance:org.framework.TestNG2@3e5499cc]" started-at="2025-01-07T21:53:39 GMT" name="launchBrowserApplication" finished-at="2025-01-07T21:53:39 GMT" duration-ms="0" status="PASS">
          <params>
            <param index="0">
              <value>
                <![CDATA[Chrome]]>
              </value>
            </param>
            <param index="1">
              <value>
                <![CDATA[https://www.saucedemo.com/]]>
              </value>
            </param>
          </params>
          <reporter-output>
          </reporter-output>
        </test-method> <!-- launchBrowserApplication -->
        <test-method signature="Testcase5()[pri:0, instance:org.framework.TestNG2@3e5499cc]" started-at="2025-01-07T21:53:39 GMT" name="Testcase5" finished-at="2025-01-07T21:53:39 GMT" duration-ms="80" status="PASS">
          <reporter-output>
          </reporter-output>
        </test-method> <!-- Testcase5 -->
        <test-method is-config="true" signature="CloseBrowser()[pri:0, instance:org.framework.TestNG2@3e5499cc]" started-at="2025-01-07T21:53:39 GMT" name="CloseBrowser" finished-at="2025-01-07T21:53:39 GMT" duration-ms="1" status="PASS">
          <reporter-output>
          </reporter-output>
        </test-method> <!-- CloseBrowser -->
        <test-method is-config="true" signature="loginIntoApplication()[pri:0, instance:org.framework.TestNG2@3e5499cc]" started-at="2025-01-07T21:53:39 GMT" name="loginIntoApplication" finished-at="2025-01-07T21:53:39 GMT" depends-on-methods="org.framework.TestNG1.launchBrowserApplication" duration-ms="1" status="PASS">
          <reporter-output>
          </reporter-output>
        </test-method> <!-- loginIntoApplication -->
        <test-method is-config="true" signature="launchBrowserApplication(java.lang.String,java.lang.String)[pri:0, instance:org.framework.TestNG2@3e5499cc]" started-at="2025-01-07T21:53:39 GMT" name="launchBrowserApplication" finished-at="2025-01-07T21:53:39 GMT" duration-ms="0" status="PASS">
          <params>
            <param index="0">
              <value>
                <![CDATA[Chrome]]>
              </value>
            </param>
            <param index="1">
              <value>
                <![CDATA[https://www.saucedemo.com/]]>
              </value>
            </param>
          </params>
          <reporter-output>
          </reporter-output>
        </test-method> <!-- launchBrowserApplication -->
        <test-method is-config="true" signature="logoutFromApplication()[pri:0, instance:org.framework.TestNG2@3e5499cc]" started-at="2025-01-07T21:53:39 GMT" name="logoutFromApplication" finished-at="2025-01-07T21:53:39 GMT" duration-ms="0" status="PASS">
          <reporter-output>
          </reporter-output>
        </test-method> <!-- logoutFromApplication -->
        <test-method signature="Testcase6()[pri:0, instance:org.framework.TestNG2@3e5499cc]" started-at="2025-01-07T21:53:39 GMT" name="Testcase6" finished-at="2025-01-07T21:53:39 GMT" duration-ms="13" status="FAIL">
          <exception class="org.openqa.selenium.NoSuchElementException">
            <message>
              <![CDATA[no such element: Unable to locate element: {"method":"xpath","selector":"//button[@id='add-to-cart-sauce-labs-bike-light']"}
  (Session info: chrome=131.0.6778.205)
For documentation on this error, please visit: https://www.selenium.dev/documentation/webdriver/troubleshooting/errors#no-such-element-exception
Build info: version: '4.26.0', revision: '8ccf0219d7'
System info: os.name: 'Mac OS X', os.arch: 'aarch64', os.version: '14.5', java.version: '11.0.17'
Driver info: org.openqa.selenium.chrome.ChromeDriver
Command: [4d2f5fc21294e1edcb8d9aae67456500, findElement {using=xpath, value=//button[@id='add-to-cart-sauce-labs-bike-light']}]
Capabilities {acceptInsecureCerts: false, browserName: chrome, browserVersion: 131.0.6778.205, chrome: {chromedriverVersion: 131.0.6778.264 (2d05e315153..., userDataDir: /var/folders/v_/kkl197qn1w3...}, fedcm:accounts: true, goog:chromeOptions: {debuggerAddress: localhost:64745}, networkConnectionEnabled: false, pageLoadStrategy: normal, platformName: mac, proxy: Proxy(), se:cdp: ws://localhost:64745/devtoo..., se:cdpVersion: 131.0.6778.205, setWindowRect: true, strictFileInteractability: false, timeouts: {implicit: 0, pageLoad: 300000, script: 30000}, unhandledPromptBehavior: dismiss and notify, webauthn:extension:credBlob: true, webauthn:extension:largeBlob: true, webauthn:extension:minPinLength: true, webauthn:extension:prf: true, webauthn:virtualAuthenticators: true}
Session ID: 4d2f5fc21294e1edcb8d9aae67456500]]>
            </message>
            <full-stacktrace>
              <![CDATA[org.openqa.selenium.NoSuchElementException: no such element: Unable to locate element: {"method":"xpath","selector":"//button[@id='add-to-cart-sauce-labs-bike-light']"}
  (Session info: chrome=131.0.6778.205)
For documentation on this error, please visit: https://www.selenium.dev/documentation/webdriver/troubleshooting/errors#no-such-element-exception
Build info: version: '4.26.0', revision: '8ccf0219d7'
System info: os.name: 'Mac OS X', os.arch: 'aarch64', os.version: '14.5', java.version: '11.0.17'
Driver info: org.openqa.selenium.chrome.ChromeDriver
Command: [4d2f5fc21294e1edcb8d9aae67456500, findElement {using=xpath, value=//button[@id='add-to-cart-sauce-labs-bike-light']}]
Capabilities {acceptInsecureCerts: false, browserName: chrome, browserVersion: 131.0.6778.205, chrome: {chromedriverVersion: 131.0.6778.264 (2d05e315153..., userDataDir: /var/folders/v_/kkl197qn1w3...}, fedcm:accounts: true, goog:chromeOptions: {debuggerAddress: localhost:64745}, networkConnectionEnabled: false, pageLoadStrategy: normal, platformName: mac, proxy: Proxy(), se:cdp: ws://localhost:64745/devtoo..., se:cdpVersion: 131.0.6778.205, setWindowRect: true, strictFileInteractability: false, timeouts: {implicit: 0, pageLoad: 300000, script: 30000}, unhandledPromptBehavior: dismiss and notify, webauthn:extension:credBlob: true, webauthn:extension:largeBlob: true, webauthn:extension:minPinLength: true, webauthn:extension:prf: true, webauthn:virtualAuthenticators: true}
Session ID: 4d2f5fc21294e1edcb8d9aae67456500
at java.base/jdk.internal.reflect.NativeConstructorAccessorImpl.newInstance0(Native Method)
at java.base/jdk.internal.reflect.NativeConstructorAccessorImpl.newInstance(NativeConstructorAccessorImpl.java:62)
at java.base/jdk.internal.reflect.DelegatingConstructorAccessorImpl.newInstance(DelegatingConstructorAccessorImpl.java:45)
at java.base/java.lang.reflect.Constructor.newInstance(Constructor.java:490)
at org.openqa.selenium.remote.ErrorCodec.decode(ErrorCodec.java:167)
at org.openqa.selenium.remote.codec.w3c.W3CHttpResponseCodec.decode(W3CHttpResponseCodec.java:138)
at org.openqa.selenium.remote.codec.w3c.W3CHttpResponseCodec.decode(W3CHttpResponseCodec.java:50)
at org.openqa.selenium.remote.HttpCommandExecutor.execute(HttpCommandExecutor.java:190)
at org.openqa.selenium.remote.service.DriverCommandExecutor.invokeExecute(DriverCommandExecutor.java:216)
at org.openqa.selenium.remote.service.DriverCommandExecutor.execute(DriverCommandExecutor.java:174)
at org.openqa.selenium.remote.RemoteWebDriver.execute(RemoteWebDriver.java:545)
at org.openqa.selenium.remote.ElementLocation$ElementFinder$2.findElement(ElementLocation.java:165)
at org.openqa.selenium.remote.ElementLocation.findElement(ElementLocation.java:59)
at org.openqa.selenium.remote.RemoteWebDriver.findElement(RemoteWebDriver.java:368)
at org.openqa.selenium.remote.RemoteWebDriver.findElement(RemoteWebDriver.java:362)
at org.framework.TestNG2.Testcase6(TestNG2.java:83)
at java.base/jdk.internal.reflect.NativeMethodAccessorImpl.invoke0(Native Method)
at java.base/jdk.internal.reflect.NativeMethodAccessorImpl.invoke(NativeMethodAccessorImpl.java:62)
at java.base/jdk.internal.reflect.DelegatingMethodAccessorImpl.invoke(DelegatingMethodAccessorImpl.java:43)
at java.base/java.lang.reflect.Method.invoke(Method.java:566)
at org.testng.internal.invokers.MethodInvocationHelper.invokeMethod(MethodInvocationHelper.java:139)
at org.testng.internal.invokers.TestInvoker.invokeMethod(TestInvoker.java:677)
at org.testng.internal.invokers.TestInvoker.invokeTestMethod(TestInvoker.java:221)
at org.testng.internal.invokers.MethodRunner.runInSequence(MethodRunner.java:50)
at org.testng.internal.invokers.TestInvoker$MethodInvocationAgent.invoke(TestInvoker.java:962)
at org.testng.internal.invokers.TestInvoker.invokeTestMethods(TestInvoker.java:194)
at org.testng.internal.invokers.TestMethodWorker.invokeTestMethods(TestMethodWorker.java:148)
at org.testng.internal.invokers.TestMethodWorker.run(TestMethodWorker.java:128)
at java.base/java.util.ArrayList.forEach(ArrayList.java:1541)
at org.testng.TestRunner.privateRun(TestRunner.java:806)
at org.testng.TestRunner.run(TestRunner.java:601)
at org.testng.SuiteRunner.runTest(SuiteRunner.java:433)
at org.testng.SuiteRunner.runSequentially(SuiteRunner.java:427)
at org.testng.SuiteRunner.privateRun(SuiteRunner.java:387)
at org.testng.SuiteRunner.run(SuiteRunner.java:330)
at org.testng.SuiteRunnerWorker.runSuite(SuiteRunnerWorker.java:52)
at org.testng.SuiteRunnerWorker.run(SuiteRunnerWorker.java:95)
at org.testng.TestNG.runSuitesSequentially(TestNG.java:1256)
at org.testng.TestNG.runSuitesLocally(TestNG.java:1176)
at org.testng.TestNG.runSuites(TestNG.java:1099)
at org.testng.TestNG.run(TestNG.java:1067)
at com.intellij.rt.testng.IDEARemoteTestNG.run(IDEARemoteTestNG.java:66)
at com.intellij.rt.testng.RemoteTestNGStarter.main(RemoteTestNGStarter.java:109)
]]>
            </full-stacktrace>
          </exception> <!-- org.openqa.selenium.NoSuchElementException -->
          <reporter-output>
          </reporter-output>
        </test-method> <!-- Testcase6 -->
        <test-method is-config="true" signature="logoutFromApplication()[pri:0, instance:org.framework.TestNG2@3e5499cc]" started-at="2025-01-07T21:53:39 GMT" name="logoutFromApplication" finished-at="2025-01-07T21:53:39 GMT" duration-ms="0" status="PASS">
          <reporter-output>
          </reporter-output>
        </test-method> <!-- logoutFromApplication -->
        <test-method is-config="true" signature="CloseBrowser()[pri:0, instance:org.framework.TestNG2@3e5499cc]" started-at="2025-01-07T21:53:39 GMT" name="CloseBrowser" finished-at="2025-01-07T21:53:39 GMT" duration-ms="0" status="PASS">
          <reporter-output>
          </reporter-output>
        </test-method> <!-- CloseBrowser -->
        <test-method is-config="true" signature="StopReporting()[pri:0, instance:org.framework.TestNG2@3e5499cc]" started-at="2025-01-07T21:53:39 GMT" name="StopReporting" finished-at="2025-01-07T21:53:39 GMT" duration-ms="0" status="PASS">
          <reporter-output>
          </reporter-output>
        </test-method> <!-- StopReporting -->
      </class> <!-- org.framework.TestNG2 -->
    </test> <!-- /Users/vijayakepati/Documents/Testing/identity/demo/programone/src/main/java/org/framework/TestNG2.java -->
  </suite> <!-- All Test Suite -->
</testng-results>
