<?xml version="1.0" encoding="UTF-8"?>
<testng-results ignored="0" total="4" passed="4" failed="0" skipped="0">
  <reporter-output>
  </reporter-output>
  <suite started-at="2024-12-10T17:50:12 GMT" name="All Test Suite" finished-at="2024-12-10T17:50:13 GMT" duration-ms="649">
    <groups>
    </groups>
    <test started-at="2024-12-10T17:50:12 GMT" name="/Users/vijayakepati/Documents/Testing/identity/demo/programone/src/main/java/org/framework/TestNG2.java" finished-at="2024-12-10T17:50:13 GMT" duration-ms="649">
      <class name="org.framework.TestNG2">
        <test-method is-config="true" signature="StartReporting()[pri:0, instance:org.framework.TestNG2@42e3ede4]" started-at="2024-12-10T17:50:12 GMT" name="StartReporting" finished-at="2024-12-10T17:50:12 GMT" duration-ms="6" status="PASS">
          <reporter-output>
          </reporter-output>
        </test-method> <!-- StartReporting -->
        <test-method is-config="true" signature="launchBrowserApplication(java.lang.String,java.lang.String)[pri:0, instance:org.framework.TestNG2@42e3ede4]" started-at="2024-12-10T17:50:12 GMT" name="launchBrowserApplication" finished-at="2024-12-10T17:50:12 GMT" duration-ms="1" status="PASS">
          <params>
            <param index="0">
              <value>
                <![CDATA[Chrome]]>
              </value>
            </param>
            <param index="1">
              <value>
                <![CDATA[https://www.saucedemo.com/]]>
              </value>
            </param>
          </params>
          <reporter-output>
          </reporter-output>
        </test-method> <!-- launchBrowserApplication -->
        <test-method is-config="true" signature="loginIntoApplication()[pri:0, instance:org.framework.TestNG2@42e3ede4]" started-at="2024-12-10T17:50:12 GMT" name="loginIntoApplication" finished-at="2024-12-10T17:50:12 GMT" depends-on-methods="org.framework.TestNG1.launchBrowserApplication" duration-ms="1" status="PASS">
          <reporter-output>
          </reporter-output>
        </test-method> <!-- loginIntoApplication -->
        <test-method signature="Testcase1()[pri:0, instance:org.framework.TestNG2@42e3ede4]" started-at="2024-12-10T17:50:12 GMT" name="Testcase1" finished-at="2024-12-10T17:50:13 GMT" duration-ms="535" status="PASS">
          <reporter-output>
          </reporter-output>
        </test-method> <!-- Testcase1 -->
        <test-method is-config="true" signature="logoutFromApplication()[pri:0, instance:org.framework.TestNG2@42e3ede4]" started-at="2024-12-10T17:50:13 GMT" name="logoutFromApplication" finished-at="2024-12-10T17:50:13 GMT" duration-ms="1" status="PASS">
          <reporter-output>
          </reporter-output>
        </test-method> <!-- logoutFromApplication -->
        <test-method is-config="true" signature="CloseBrowser()[pri:0, instance:org.framework.TestNG2@42e3ede4]" started-at="2024-12-10T17:50:13 GMT" name="CloseBrowser" finished-at="2024-12-10T17:50:13 GMT" duration-ms="0" status="PASS">
          <reporter-output>
          </reporter-output>
        </test-method> <!-- CloseBrowser -->
        <test-method signature="Testcase2()[pri:0, instance:org.framework.TestNG2@42e3ede4]" started-at="2024-12-10T17:50:13 GMT" name="Testcase2" finished-at="2024-12-10T17:50:13 GMT" duration-ms="18" status="PASS">
          <reporter-output>
          </reporter-output>
        </test-method> <!-- Testcase2 -->
        <test-method is-config="true" signature="launchBrowserApplication(java.lang.String,java.lang.String)[pri:0, instance:org.framework.TestNG2@42e3ede4]" started-at="2024-12-10T17:50:13 GMT" name="launchBrowserApplication" finished-at="2024-12-10T17:50:13 GMT" duration-ms="0" status="PASS">
          <params>
            <param index="0">
              <value>
                <![CDATA[Chrome]]>
              </value>
            </param>
            <param index="1">
              <value>
                <![CDATA[https://www.saucedemo.com/]]>
              </value>
            </param>
          </params>
          <reporter-output>
          </reporter-output>
        </test-method> <!-- launchBrowserApplication -->
        <test-method is-config="true" signature="loginIntoApplication()[pri:0, instance:org.framework.TestNG2@42e3ede4]" started-at="2024-12-10T17:50:13 GMT" name="loginIntoApplication" finished-at="2024-12-10T17:50:13 GMT" depends-on-methods="org.framework.TestNG1.launchBrowserApplication" duration-ms="0" status="PASS">
          <reporter-output>
          </reporter-output>
        </test-method> <!-- loginIntoApplication -->
        <test-method is-config="true" signature="logoutFromApplication()[pri:0, instance:org.framework.TestNG2@42e3ede4]" started-at="2024-12-10T17:50:13 GMT" name="logoutFromApplication" finished-at="2024-12-10T17:50:13 GMT" duration-ms="0" status="PASS">
          <reporter-output>
          </reporter-output>
        </test-method> <!-- logoutFromApplication -->
        <test-method is-config="true" signature="launchBrowserApplication(java.lang.String,java.lang.String)[pri:0, instance:org.framework.TestNG2@42e3ede4]" started-at="2024-12-10T17:50:13 GMT" name="launchBrowserApplication" finished-at="2024-12-10T17:50:13 GMT" duration-ms="1" status="PASS">
          <params>
            <param index="0">
              <value>
                <![CDATA[Chrome]]>
              </value>
            </param>
            <param index="1">
              <value>
                <![CDATA[https://www.saucedemo.com/]]>
              </value>
            </param>
          </params>
          <reporter-output>
          </reporter-output>
        </test-method> <!-- launchBrowserApplication -->
        <test-method is-config="true" signature="CloseBrowser()[pri:0, instance:org.framework.TestNG2@42e3ede4]" started-at="2024-12-10T17:50:13 GMT" name="CloseBrowser" finished-at="2024-12-10T17:50:13 GMT" duration-ms="0" status="PASS">
          <reporter-output>
          </reporter-output>
        </test-method> <!-- CloseBrowser -->
        <test-method signature="Testcase3()[pri:0, instance:org.framework.TestNG2@42e3ede4]" started-at="2024-12-10T17:50:13 GMT" name="Testcase3" finished-at="2024-12-10T17:50:13 GMT" duration-ms="7" status="PASS">
          <reporter-output>
          </reporter-output>
        </test-method> <!-- Testcase3 -->
        <test-method is-config="true" signature="loginIntoApplication()[pri:0, instance:org.framework.TestNG2@42e3ede4]" started-at="2024-12-10T17:50:13 GMT" name="loginIntoApplication" finished-at="2024-12-10T17:50:13 GMT" depends-on-methods="org.framework.TestNG1.launchBrowserApplication" duration-ms="0" status="PASS">
          <reporter-output>
          </reporter-output>
        </test-method> <!-- loginIntoApplication -->
        <test-method is-config="true" signature="CloseBrowser()[pri:0, instance:org.framework.TestNG2@42e3ede4]" started-at="2024-12-10T17:50:13 GMT" name="CloseBrowser" finished-at="2024-12-10T17:50:13 GMT" duration-ms="0" status="PASS">
          <reporter-output>
          </reporter-output>
        </test-method> <!-- CloseBrowser -->
        <test-method is-config="true" signature="logoutFromApplication()[pri:0, instance:org.framework.TestNG2@42e3ede4]" started-at="2024-12-10T17:50:13 GMT" name="logoutFromApplication" finished-at="2024-12-10T17:50:13 GMT" duration-ms="0" status="PASS">
          <reporter-output>
          </reporter-output>
        </test-method> <!-- logoutFromApplication -->
        <test-method signature="Testcase4()[pri:0, instance:org.framework.TestNG2@42e3ede4]" started-at="2024-12-10T17:50:13 GMT" name="Testcase4" finished-at="2024-12-10T17:50:13 GMT" duration-ms="67" status="PASS">
          <reporter-output>
          </reporter-output>
        </test-method> <!-- Testcase4 -->
        <test-method is-config="true" signature="loginIntoApplication()[pri:0, instance:org.framework.TestNG2@42e3ede4]" started-at="2024-12-10T17:50:13 GMT" name="loginIntoApplication" finished-at="2024-12-10T17:50:13 GMT" depends-on-methods="org.framework.TestNG1.launchBrowserApplication" duration-ms="0" status="PASS">
          <reporter-output>
          </reporter-output>
        </test-method> <!-- loginIntoApplication -->
        <test-method is-config="true" signature="launchBrowserApplication(java.lang.String,java.lang.String)[pri:0, instance:org.framework.TestNG2@42e3ede4]" started-at="2024-12-10T17:50:13 GMT" name="launchBrowserApplication" finished-at="2024-12-10T17:50:13 GMT" duration-ms="0" status="PASS">
          <params>
            <param index="0">
              <value>
                <![CDATA[Chrome]]>
              </value>
            </param>
            <param index="1">
              <value>
                <![CDATA[https://www.saucedemo.com/]]>
              </value>
            </param>
          </params>
          <reporter-output>
          </reporter-output>
        </test-method> <!-- launchBrowserApplication -->
        <test-method is-config="true" signature="CloseBrowser()[pri:0, instance:org.framework.TestNG2@42e3ede4]" started-at="2024-12-10T17:50:13 GMT" name="CloseBrowser" finished-at="2024-12-10T17:50:13 GMT" duration-ms="1" status="PASS">
          <reporter-output>
          </reporter-output>
        </test-method> <!-- CloseBrowser -->
        <test-method is-config="true" signature="logoutFromApplication()[pri:0, instance:org.framework.TestNG2@42e3ede4]" started-at="2024-12-10T17:50:13 GMT" name="logoutFromApplication" finished-at="2024-12-10T17:50:13 GMT" duration-ms="0" status="PASS">
          <reporter-output>
          </reporter-output>
        </test-method> <!-- logoutFromApplication -->
        <test-method is-config="true" signature="StopReporting()[pri:0, instance:org.framework.TestNG2@42e3ede4]" started-at="2024-12-10T17:50:13 GMT" name="StopReporting" finished-at="2024-12-10T17:50:13 GMT" duration-ms="0" status="PASS">
          <reporter-output>
          </reporter-output>
        </test-method> <!-- StopReporting -->
      </class> <!-- org.framework.TestNG2 -->
    </test> <!-- /Users/vijayakepati/Documents/Testing/identity/demo/programone/src/main/java/org/framework/TestNG2.java -->
  </suite> <!-- All Test Suite -->
</testng-results>
